2019/06/19 15:25:47 [trace] [system.CModule] Loading "log" application component
in C:\xampp\htdocs\kadujaya\index.php (21)
2019/06/19 15:25:47 [trace] [system.CModule] Loading "request" application component
in C:\xampp\htdocs\kadujaya\index.php (21)
2019/06/19 15:25:47 [trace] [system.CModule] Loading "urlManager" application component
in C:\xampp\htdocs\kadujaya\index.php (21)
2019/06/19 15:25:47 [trace] [system.CModule] Loading "cache" application component
in C:\xampp\htdocs\kadujaya\index.php (21)
2019/06/19 15:25:47 [trace] [system.caching.CFileCache] Serving "Yii.CUrlManager.rules" from cache
in C:\xampp\htdocs\kadujaya\index.php (21)
2019/06/19 15:25:47 [trace] [system.CModule] Loading "db" application component
in C:\xampp\htdocs\kadujaya\protected\models\Language.php (22)
in C:\xampp\htdocs\kadujaya\protected\components\Controller.php (41)
in C:\xampp\htdocs\kadujaya\index.php (21)
2019/06/19 15:25:47 [trace] [system.db.CDbConnection] Opening DB connection
in C:\xampp\htdocs\kadujaya\protected\models\Language.php (22)
in C:\xampp\htdocs\kadujaya\protected\components\Controller.php (41)
in C:\xampp\htdocs\kadujaya\index.php (21)
2019/06/19 15:25:47 [error] [exception.CDbException] exception 'CDbException' with message 'CDbConnection failed to open the DB connection: SQLSTATE[HY000] [1049] Unknown database 'dsgm'' in C:\xampp\htdocs\yii\framework\db\CDbConnection.php:382
Stack trace:
#0 C:\xampp\htdocs\yii\framework\db\CDbConnection.php(331): CDbConnection->open()
#1 C:\xampp\htdocs\yii\framework\db\CDbConnection.php(309): CDbConnection->setActive(true)
#2 C:\xampp\htdocs\yii\framework\base\CModule.php(388): CDbConnection->init()
#3 C:\xampp\htdocs\yii\framework\base\CApplication.php(431): CModule->getComponent('db')
#4 C:\xampp\htdocs\yii\framework\db\ar\CActiveRecord.php(624): CApplication->getDb()
#5 C:\xampp\htdocs\yii\framework\db\ar\CActiveRecord.php(2311): CActiveRecord->getDbConnection()
#6 C:\xampp\htdocs\yii\framework\db\ar\CActiveRecord.php(388): CActiveRecordMetaData->__construct(Object(Language))
#7 C:\xampp\htdocs\kadujaya\protected\models\Language.php(22): CActiveRecord::model('Language')
#8 C:\xampp\htdocs\kadujaya\protected\components\Controller.php(41): Language::model()
#9 C:\xampp\htdocs\yii\framework\web\CController.php(307): Controller->beforeAction(Object(CInlineAction))
#10 C:\xampp\htdocs\yii\framework\web\CController.php(287): CController->runAction(Object(CInlineAction))
#11 C:\xampp\htdocs\yii\framework\web\CController.php(266): CController->runActionWithFilters(Object(CInlineAction), Array)
#12 C:\xampp\htdocs\yii\framework\web\CWebApplication.php(283): CController->run('index')
#13 C:\xampp\htdocs\yii\framework\web\CWebApplication.php(142): CWebApplication->runController('')
#14 C:\xampp\htdocs\yii\framework\base\CApplication.php(162): CWebApplication->processRequest()
#15 C:\xampp\htdocs\kadujaya\index.php(21): CApplication->run()
#16 {main}
REQUEST_URI=/Kadujaya/
---
2019/06/19 15:25:47 [trace] [system.CModule] Loading "errorHandler" application component
2019/06/19 15:26:03 [trace] [system.CModule] Loading "log" application component
in C:\xampp\htdocs\kadujaya\index.php (21)
2019/06/19 15:26:03 [trace] [system.CModule] Loading "request" application component
in C:\xampp\htdocs\kadujaya\index.php (21)
2019/06/19 15:26:03 [trace] [system.CModule] Loading "urlManager" application component
in C:\xampp\htdocs\kadujaya\index.php (21)
2019/06/19 15:26:03 [trace] [system.CModule] Loading "cache" application component
in C:\xampp\htdocs\kadujaya\index.php (21)
2019/06/19 15:26:03 [trace] [system.caching.CFileCache] Serving "Yii.CUrlManager.rules" from cache
in C:\xampp\htdocs\kadujaya\index.php (21)
2019/06/19 15:26:03 [trace] [system.CModule] Loading "db" application component
in C:\xampp\htdocs\kadujaya\protected\models\Language.php (22)
in C:\xampp\htdocs\kadujaya\protected\components\Controller.php (41)
in C:\xampp\htdocs\kadujaya\index.php (21)
2019/06/19 15:26:03 [trace] [system.db.CDbConnection] Opening DB connection
in C:\xampp\htdocs\kadujaya\protected\models\Language.php (22)
in C:\xampp\htdocs\kadujaya\protected\components\Controller.php (41)
in C:\xampp\htdocs\kadujaya\index.php (21)
2019/06/19 15:26:03 [trace] [system.db.CDbCommand] Querying SQL: SHOW COLUMNS FROM `language`
in C:\xampp\htdocs\kadujaya\protected\models\Language.php (22)
in C:\xampp\htdocs\kadujaya\protected\components\Controller.php (41)
in C:\xampp\htdocs\kadujaya\index.php (21)
2019/06/19 15:26:03 [trace] [system.db.CDbCommand] Querying SQL: SHOW CREATE TABLE `language`
in C:\xampp\htdocs\kadujaya\protected\models\Language.php (22)
in C:\xampp\htdocs\kadujaya\protected\components\Controller.php (41)
in C:\xampp\htdocs\kadujaya\index.php (21)
2019/06/19 15:26:03 [trace] [system.db.ar.CActiveRecord] Language.find()
in C:\xampp\htdocs\kadujaya\protected\components\Controller.php (41)
in C:\xampp\htdocs\kadujaya\index.php (21)
2019/06/19 15:26:03 [trace] [system.db.CDbCommand] Querying SQL: SELECT * FROM `language` `t` WHERE code = :code LIMIT 1
in C:\xampp\htdocs\kadujaya\protected\components\Controller.php (41)
in C:\xampp\htdocs\kadujaya\index.php (21)
2019/06/19 15:26:03 [trace] [system.caching.CFileCache] Serving "setting_en" from cache
in C:\xampp\htdocs\kadujaya\protected\components\Controller.php (43)
in C:\xampp\htdocs\kadujaya\index.php (21)
2019/06/19 15:26:03 [trace] [system.CModule] Loading "themeManager" application component
in C:\xampp\htdocs\kadujaya\protected\controllers\HomeController.php (154)
in C:\xampp\htdocs\kadujaya\index.php (21)
2019/06/19 15:26:03 [trace] [system.CModule] Loading "widgetFactory" application component
in C:\xampp\htdocs\kadujaya\protected\views\layouts\column1.php (2)
in C:\xampp\htdocs\kadujaya\protected\controllers\HomeController.php (154)
in C:\xampp\htdocs\kadujaya\index.php (21)
2019/06/19 15:26:03 [trace] [system.db.CDbCommand] Querying SQL: SHOW COLUMNS FROM `sl_slide`
in C:\xampp\htdocs\kadujaya\protected\models\Slide.php (32)
in C:\xampp\htdocs\kadujaya\protected\views\layouts\column1.php (16)
in C:\xampp\htdocs\kadujaya\protected\controllers\HomeController.php (154)
2019/06/19 15:26:03 [trace] [system.db.CDbCommand] Querying SQL: SHOW CREATE TABLE `sl_slide`
in C:\xampp\htdocs\kadujaya\protected\models\Slide.php (32)
in C:\xampp\htdocs\kadujaya\protected\views\layouts\column1.php (16)
in C:\xampp\htdocs\kadujaya\protected\controllers\HomeController.php (154)
2019/06/19 15:26:03 [trace] [system.db.ar.CActiveRecord] Slide.findAll()
in C:\xampp\htdocs\kadujaya\protected\views\layouts\column1.php (16)
in C:\xampp\htdocs\kadujaya\protected\controllers\HomeController.php (154)
in C:\xampp\htdocs\kadujaya\index.php (21)
2019/06/19 15:26:03 [trace] [system.db.CDbCommand] Querying SQL: SHOW COLUMNS FROM `sl_slide_description`
in C:\xampp\htdocs\kadujaya\protected\views\layouts\column1.php (16)
in C:\xampp\htdocs\kadujaya\protected\controllers\HomeController.php (154)
in C:\xampp\htdocs\kadujaya\index.php (21)
2019/06/19 15:26:03 [trace] [system.db.CDbCommand] Querying SQL: SHOW CREATE TABLE `sl_slide_description`
in C:\xampp\htdocs\kadujaya\protected\views\layouts\column1.php (16)
in C:\xampp\htdocs\kadujaya\protected\controllers\HomeController.php (154)
in C:\xampp\htdocs\kadujaya\index.php (21)
2019/06/19 15:26:03 [trace] [system.db.CDbCommand] Querying SQL: SELECT `t`.`id` AS `t0_c0`, `t`.`topik_id` AS `t0_c1`, `t`.`image` AS `t0_c2`, `t`.`active` AS `t0_c3`, `t`.`date_input` AS `t0_c4`, `t`.`date_update` AS `t0_c5`, `t`.`insert_by` AS `t0_c6`, `t`.`last_update_by` AS `t0_c7`, `t`.`writer` AS `t0_c8`, `t`.`sort` AS `t0_c9`, `t`.`image2` AS `t0_c10`, `description`.`id` AS `t1_c0`, `description`.`slide_id` AS `t1_c1`, `description`.`language_id` AS `t1_c2`, `description`.`title` AS `t1_c3`, `description`.`subtitle` AS `t1_c4`, `description`.`content` AS `t1_c5`, `description`.`url_teks` AS `t1_c6`, `description`.`url` AS `t1_c7` FROM `sl_slide` `t`  LEFT OUTER JOIN `sl_slide_description` `description` ON (`description`.`slide_id`=`t`.`id`)  WHERE ((description.language_id = :language_id) AND (active = 1)) GROUP BY t.id ORDER BY t.id ASC
in C:\xampp\htdocs\kadujaya\protected\views\layouts\column1.php (16)
in C:\xampp\htdocs\kadujaya\protected\controllers\HomeController.php (154)
in C:\xampp\htdocs\kadujaya\index.php (21)
2019/06/19 15:26:03 [trace] [system.CModule] Loading "clientScript" application component
in C:\xampp\htdocs\kadujaya\protected\views\layouts\main.php (35)
in C:\xampp\htdocs\kadujaya\protected\views\layouts\column1.php (107)
in C:\xampp\htdocs\kadujaya\protected\controllers\HomeController.php (154)
2019/06/19 15:26:03 [trace] [system.CModule] Loading "assetManager" application component
in C:\xampp\htdocs\kadujaya\protected\controllers\HomeController.php (154)
in C:\xampp\htdocs\kadujaya\index.php (21)
2019/06/19 15:26:04 [trace] [system.CModule] Loading "log" application component
in C:\xampp\htdocs\kadujaya\index.php (21)
2019/06/19 15:26:04 [trace] [system.CModule] Loading "request" application component
in C:\xampp\htdocs\kadujaya\index.php (21)
2019/06/19 15:26:04 [trace] [system.CModule] Loading "urlManager" application component
in C:\xampp\htdocs\kadujaya\index.php (21)
2019/06/19 15:26:04 [trace] [system.CModule] Loading "cache" application component
in C:\xampp\htdocs\kadujaya\index.php (21)
2019/06/19 15:26:04 [trace] [system.caching.CFileCache] Serving "Yii.CUrlManager.rules" from cache
in C:\xampp\htdocs\kadujaya\index.php (21)
2019/06/19 15:26:04 [trace] [system.CModule] Loading "db" application component
in C:\xampp\htdocs\kadujaya\protected\models\Language.php (22)
in C:\xampp\htdocs\kadujaya\protected\components\Controller.php (41)
in C:\xampp\htdocs\kadujaya\index.php (21)
2019/06/19 15:26:04 [trace] [system.db.CDbConnection] Opening DB connection
in C:\xampp\htdocs\kadujaya\protected\models\Language.php (22)
in C:\xampp\htdocs\kadujaya\protected\components\Controller.php (41)
in C:\xampp\htdocs\kadujaya\index.php (21)
2019/06/19 15:26:04 [trace] [system.db.CDbCommand] Querying SQL: SHOW COLUMNS FROM `language`
in C:\xampp\htdocs\kadujaya\protected\models\Language.php (22)
in C:\xampp\htdocs\kadujaya\protected\components\Controller.php (41)
in C:\xampp\htdocs\kadujaya\index.php (21)
2019/06/19 15:26:04 [trace] [system.db.CDbCommand] Querying SQL: SHOW CREATE TABLE `language`
in C:\xampp\htdocs\kadujaya\protected\models\Language.php (22)
in C:\xampp\htdocs\kadujaya\protected\components\Controller.php (41)
in C:\xampp\htdocs\kadujaya\index.php (21)
2019/06/19 15:26:04 [trace] [system.db.ar.CActiveRecord] Language.find()
in C:\xampp\htdocs\kadujaya\protected\components\Controller.php (41)
in C:\xampp\htdocs\kadujaya\index.php (21)
2019/06/19 15:26:04 [trace] [system.db.CDbCommand] Querying SQL: SELECT * FROM `language` `t` WHERE code = :code LIMIT 1
in C:\xampp\htdocs\kadujaya\protected\components\Controller.php (41)
in C:\xampp\htdocs\kadujaya\index.php (21)
2019/06/19 15:26:04 [trace] [system.caching.CFileCache] Serving "setting_en" from cache
in C:\xampp\htdocs\kadujaya\protected\components\Controller.php (43)
in C:\xampp\htdocs\kadujaya\index.php (21)
2019/06/19 15:26:04 [trace] [system.CModule] Loading "themeManager" application component
in C:\xampp\htdocs\kadujaya\protected\controllers\HomeController.php (154)
in C:\xampp\htdocs\kadujaya\index.php (21)
2019/06/19 15:26:04 [trace] [system.CModule] Loading "widgetFactory" application component
in C:\xampp\htdocs\kadujaya\protected\views\layouts\column1.php (2)
in C:\xampp\htdocs\kadujaya\protected\controllers\HomeController.php (154)
in C:\xampp\htdocs\kadujaya\index.php (21)
2019/06/19 15:26:04 [trace] [system.db.CDbCommand] Querying SQL: SHOW COLUMNS FROM `sl_slide`
in C:\xampp\htdocs\kadujaya\protected\models\Slide.php (32)
in C:\xampp\htdocs\kadujaya\protected\views\layouts\column1.php (16)
in C:\xampp\htdocs\kadujaya\protected\controllers\HomeController.php (154)
2019/06/19 15:26:04 [trace] [system.db.CDbCommand] Querying SQL: SHOW CREATE TABLE `sl_slide`
in C:\xampp\htdocs\kadujaya\protected\models\Slide.php (32)
in C:\xampp\htdocs\kadujaya\protected\views\layouts\column1.php (16)
in C:\xampp\htdocs\kadujaya\protected\controllers\HomeController.php (154)
2019/06/19 15:26:04 [trace] [system.db.ar.CActiveRecord] Slide.findAll()
in C:\xampp\htdocs\kadujaya\protected\views\layouts\column1.php (16)
in C:\xampp\htdocs\kadujaya\protected\controllers\HomeController.php (154)
in C:\xampp\htdocs\kadujaya\index.php (21)
2019/06/19 15:26:04 [trace] [system.db.CDbCommand] Querying SQL: SHOW COLUMNS FROM `sl_slide_description`
in C:\xampp\htdocs\kadujaya\protected\views\layouts\column1.php (16)
in C:\xampp\htdocs\kadujaya\protected\controllers\HomeController.php (154)
in C:\xampp\htdocs\kadujaya\index.php (21)
2019/06/19 15:26:04 [trace] [system.db.CDbCommand] Querying SQL: SHOW CREATE TABLE `sl_slide_description`
in C:\xampp\htdocs\kadujaya\protected\views\layouts\column1.php (16)
in C:\xampp\htdocs\kadujaya\protected\controllers\HomeController.php (154)
in C:\xampp\htdocs\kadujaya\index.php (21)
2019/06/19 15:26:04 [trace] [system.db.CDbCommand] Querying SQL: SELECT `t`.`id` AS `t0_c0`, `t`.`topik_id` AS `t0_c1`, `t`.`image` AS `t0_c2`, `t`.`active` AS `t0_c3`, `t`.`date_input` AS `t0_c4`, `t`.`date_update` AS `t0_c5`, `t`.`insert_by` AS `t0_c6`, `t`.`last_update_by` AS `t0_c7`, `t`.`writer` AS `t0_c8`, `t`.`sort` AS `t0_c9`, `t`.`image2` AS `t0_c10`, `description`.`id` AS `t1_c0`, `description`.`slide_id` AS `t1_c1`, `description`.`language_id` AS `t1_c2`, `description`.`title` AS `t1_c3`, `description`.`subtitle` AS `t1_c4`, `description`.`content` AS `t1_c5`, `description`.`url_teks` AS `t1_c6`, `description`.`url` AS `t1_c7` FROM `sl_slide` `t`  LEFT OUTER JOIN `sl_slide_description` `description` ON (`description`.`slide_id`=`t`.`id`)  WHERE ((description.language_id = :language_id) AND (active = 1)) GROUP BY t.id ORDER BY t.id ASC
in C:\xampp\htdocs\kadujaya\protected\views\layouts\column1.php (16)
in C:\xampp\htdocs\kadujaya\protected\controllers\HomeController.php (154)
in C:\xampp\htdocs\kadujaya\index.php (21)
2019/06/19 15:26:04 [trace] [system.CModule] Loading "clientScript" application component
in C:\xampp\htdocs\kadujaya\protected\views\layouts\main.php (35)
in C:\xampp\htdocs\kadujaya\protected\views\layouts\column1.php (107)
in C:\xampp\htdocs\kadujaya\protected\controllers\HomeController.php (154)
2019/06/19 15:26:04 [trace] [system.CModule] Loading "assetManager" application component
in C:\xampp\htdocs\kadujaya\protected\controllers\HomeController.php (154)
in C:\xampp\htdocs\kadujaya\index.php (21)
2019/06/19 15:26:04 [trace] [system.CModule] Loading "log" application component
in C:\xampp\htdocs\kadujaya\index.php (21)
2019/06/19 15:26:04 [trace] [system.CModule] Loading "request" application component
in C:\xampp\htdocs\kadujaya\index.php (21)
2019/06/19 15:26:04 [trace] [system.CModule] Loading "urlManager" application component
in C:\xampp\htdocs\kadujaya\index.php (21)
2019/06/19 15:26:04 [trace] [system.CModule] Loading "cache" application component
in C:\xampp\htdocs\kadujaya\index.php (21)
2019/06/19 15:26:04 [trace] [system.caching.CFileCache] Serving "Yii.CUrlManager.rules" from cache
in C:\xampp\htdocs\kadujaya\index.php (21)
2019/06/19 15:26:04 [trace] [system.CModule] Loading "db" application component
in C:\xampp\htdocs\kadujaya\protected\models\Language.php (22)
in C:\xampp\htdocs\kadujaya\protected\components\Controller.php (41)
in C:\xampp\htdocs\kadujaya\index.php (21)
2019/06/19 15:26:04 [trace] [system.db.CDbConnection] Opening DB connection
in C:\xampp\htdocs\kadujaya\protected\models\Language.php (22)
in C:\xampp\htdocs\kadujaya\protected\components\Controller.php (41)
in C:\xampp\htdocs\kadujaya\index.php (21)
2019/06/19 15:26:04 [trace] [system.db.CDbCommand] Querying SQL: SHOW COLUMNS FROM `language`
in C:\xampp\htdocs\kadujaya\protected\models\Language.php (22)
in C:\xampp\htdocs\kadujaya\protected\components\Controller.php (41)
in C:\xampp\htdocs\kadujaya\index.php (21)
2019/06/19 15:26:04 [trace] [system.db.CDbCommand] Querying SQL: SHOW CREATE TABLE `language`
in C:\xampp\htdocs\kadujaya\protected\models\Language.php (22)
in C:\xampp\htdocs\kadujaya\protected\components\Controller.php (41)
in C:\xampp\htdocs\kadujaya\index.php (21)
2019/06/19 15:26:04 [trace] [system.db.ar.CActiveRecord] Language.find()
in C:\xampp\htdocs\kadujaya\protected\components\Controller.php (41)
in C:\xampp\htdocs\kadujaya\index.php (21)
2019/06/19 15:26:04 [trace] [system.db.CDbCommand] Querying SQL: SELECT * FROM `language` `t` WHERE code = :code LIMIT 1
in C:\xampp\htdocs\kadujaya\protected\components\Controller.php (41)
in C:\xampp\htdocs\kadujaya\index.php (21)
2019/06/19 15:26:04 [trace] [system.caching.CFileCache] Serving "setting_en" from cache
in C:\xampp\htdocs\kadujaya\protected\components\Controller.php (43)
in C:\xampp\htdocs\kadujaya\index.php (21)
2019/06/19 15:26:04 [trace] [system.CModule] Loading "themeManager" application component
in C:\xampp\htdocs\kadujaya\protected\controllers\HomeController.php (154)
in C:\xampp\htdocs\kadujaya\index.php (21)
2019/06/19 15:26:04 [trace] [system.CModule] Loading "widgetFactory" application component
in C:\xampp\htdocs\kadujaya\protected\views\layouts\column1.php (2)
in C:\xampp\htdocs\kadujaya\protected\controllers\HomeController.php (154)
in C:\xampp\htdocs\kadujaya\index.php (21)
2019/06/19 15:26:04 [trace] [system.db.CDbCommand] Querying SQL: SHOW COLUMNS FROM `sl_slide`
in C:\xampp\htdocs\kadujaya\protected\models\Slide.php (32)
in C:\xampp\htdocs\kadujaya\protected\views\layouts\column1.php (16)
in C:\xampp\htdocs\kadujaya\protected\controllers\HomeController.php (154)
2019/06/19 15:26:04 [trace] [system.db.CDbCommand] Querying SQL: SHOW CREATE TABLE `sl_slide`
in C:\xampp\htdocs\kadujaya\protected\models\Slide.php (32)
in C:\xampp\htdocs\kadujaya\protected\views\layouts\column1.php (16)
in C:\xampp\htdocs\kadujaya\protected\controllers\HomeController.php (154)
2019/06/19 15:26:04 [trace] [system.db.ar.CActiveRecord] Slide.findAll()
in C:\xampp\htdocs\kadujaya\protected\views\layouts\column1.php (16)
in C:\xampp\htdocs\kadujaya\protected\controllers\HomeController.php (154)
in C:\xampp\htdocs\kadujaya\index.php (21)
2019/06/19 15:26:04 [trace] [system.db.CDbCommand] Querying SQL: SHOW COLUMNS FROM `sl_slide_description`
in C:\xampp\htdocs\kadujaya\protected\views\layouts\column1.php (16)
in C:\xampp\htdocs\kadujaya\protected\controllers\HomeController.php (154)
in C:\xampp\htdocs\kadujaya\index.php (21)
2019/06/19 15:26:04 [trace] [system.db.CDbCommand] Querying SQL: SHOW CREATE TABLE `sl_slide_description`
in C:\xampp\htdocs\kadujaya\protected\views\layouts\column1.php (16)
in C:\xampp\htdocs\kadujaya\protected\controllers\HomeController.php (154)
in C:\xampp\htdocs\kadujaya\index.php (21)
2019/06/19 15:26:04 [trace] [system.db.CDbCommand] Querying SQL: SELECT `t`.`id` AS `t0_c0`, `t`.`topik_id` AS `t0_c1`, `t`.`image` AS `t0_c2`, `t`.`active` AS `t0_c3`, `t`.`date_input` AS `t0_c4`, `t`.`date_update` AS `t0_c5`, `t`.`insert_by` AS `t0_c6`, `t`.`last_update_by` AS `t0_c7`, `t`.`writer` AS `t0_c8`, `t`.`sort` AS `t0_c9`, `t`.`image2` AS `t0_c10`, `description`.`id` AS `t1_c0`, `description`.`slide_id` AS `t1_c1`, `description`.`language_id` AS `t1_c2`, `description`.`title` AS `t1_c3`, `description`.`subtitle` AS `t1_c4`, `description`.`content` AS `t1_c5`, `description`.`url_teks` AS `t1_c6`, `description`.`url` AS `t1_c7` FROM `sl_slide` `t`  LEFT OUTER JOIN `sl_slide_description` `description` ON (`description`.`slide_id`=`t`.`id`)  WHERE ((description.language_id = :language_id) AND (active = 1)) GROUP BY t.id ORDER BY t.id ASC
in C:\xampp\htdocs\kadujaya\protected\views\layouts\column1.php (16)
in C:\xampp\htdocs\kadujaya\protected\controllers\HomeController.php (154)
in C:\xampp\htdocs\kadujaya\index.php (21)
2019/06/19 15:26:04 [trace] [system.CModule] Loading "clientScript" application component
in C:\xampp\htdocs\kadujaya\protected\views\layouts\main.php (35)
in C:\xampp\htdocs\kadujaya\protected\views\layouts\column1.php (107)
in C:\xampp\htdocs\kadujaya\protected\controllers\HomeController.php (154)
2019/06/19 15:26:04 [trace] [system.CModule] Loading "assetManager" application component
in C:\xampp\htdocs\kadujaya\protected\controllers\HomeController.php (154)
in C:\xampp\htdocs\kadujaya\index.php (21)
2019/06/19 15:26:04 [trace] [system.CModule] Loading "log" application component
in C:\xampp\htdocs\kadujaya\index.php (21)
2019/06/19 15:26:04 [trace] [system.CModule] Loading "request" application component
in C:\xampp\htdocs\kadujaya\index.php (21)
2019/06/19 15:26:04 [trace] [system.CModule] Loading "urlManager" application component
in C:\xampp\htdocs\kadujaya\index.php (21)
2019/06/19 15:26:04 [trace] [system.CModule] Loading "cache" application component
in C:\xampp\htdocs\kadujaya\index.php (21)
2019/06/19 15:26:04 [trace] [system.caching.CFileCache] Serving "Yii.CUrlManager.rules" from cache
in C:\xampp\htdocs\kadujaya\index.php (21)
2019/06/19 15:26:04 [trace] [system.CModule] Loading "db" application component
in C:\xampp\htdocs\kadujaya\protected\models\Language.php (22)
in C:\xampp\htdocs\kadujaya\protected\components\Controller.php (41)
in C:\xampp\htdocs\kadujaya\index.php (21)
2019/06/19 15:26:04 [trace] [system.db.CDbConnection] Opening DB connection
in C:\xampp\htdocs\kadujaya\protected\models\Language.php (22)
in C:\xampp\htdocs\kadujaya\protected\components\Controller.php (41)
in C:\xampp\htdocs\kadujaya\index.php (21)
2019/06/19 15:26:04 [trace] [system.db.CDbCommand] Querying SQL: SHOW COLUMNS FROM `language`
in C:\xampp\htdocs\kadujaya\protected\models\Language.php (22)
in C:\xampp\htdocs\kadujaya\protected\components\Controller.php (41)
in C:\xampp\htdocs\kadujaya\index.php (21)
2019/06/19 15:26:04 [trace] [system.db.CDbCommand] Querying SQL: SHOW CREATE TABLE `language`
in C:\xampp\htdocs\kadujaya\protected\models\Language.php (22)
in C:\xampp\htdocs\kadujaya\protected\components\Controller.php (41)
in C:\xampp\htdocs\kadujaya\index.php (21)
2019/06/19 15:26:04 [trace] [system.db.ar.CActiveRecord] Language.find()
in C:\xampp\htdocs\kadujaya\protected\components\Controller.php (41)
in C:\xampp\htdocs\kadujaya\index.php (21)
2019/06/19 15:26:04 [trace] [system.db.CDbCommand] Querying SQL: SELECT * FROM `language` `t` WHERE code = :code LIMIT 1
in C:\xampp\htdocs\kadujaya\protected\components\Controller.php (41)
in C:\xampp\htdocs\kadujaya\index.php (21)
2019/06/19 15:26:04 [trace] [system.caching.CFileCache] Serving "setting_en" from cache
in C:\xampp\htdocs\kadujaya\protected\components\Controller.php (43)
in C:\xampp\htdocs\kadujaya\index.php (21)
2019/06/19 15:26:04 [trace] [system.CModule] Loading "themeManager" application component
in C:\xampp\htdocs\kadujaya\protected\controllers\HomeController.php (154)
in C:\xampp\htdocs\kadujaya\index.php (21)
2019/06/19 15:26:04 [trace] [system.CModule] Loading "widgetFactory" application component
in C:\xampp\htdocs\kadujaya\protected\views\layouts\column1.php (2)
in C:\xampp\htdocs\kadujaya\protected\controllers\HomeController.php (154)
in C:\xampp\htdocs\kadujaya\index.php (21)
2019/06/19 15:26:04 [trace] [system.db.CDbCommand] Querying SQL: SHOW COLUMNS FROM `sl_slide`
in C:\xampp\htdocs\kadujaya\protected\models\Slide.php (32)
in C:\xampp\htdocs\kadujaya\protected\views\layouts\column1.php (16)
in C:\xampp\htdocs\kadujaya\protected\controllers\HomeController.php (154)
2019/06/19 15:26:04 [trace] [system.db.CDbCommand] Querying SQL: SHOW CREATE TABLE `sl_slide`
in C:\xampp\htdocs\kadujaya\protected\models\Slide.php (32)
in C:\xampp\htdocs\kadujaya\protected\views\layouts\column1.php (16)
in C:\xampp\htdocs\kadujaya\protected\controllers\HomeController.php (154)
2019/06/19 15:26:04 [trace] [system.db.ar.CActiveRecord] Slide.findAll()
in C:\xampp\htdocs\kadujaya\protected\views\layouts\column1.php (16)
in C:\xampp\htdocs\kadujaya\protected\controllers\HomeController.php (154)
in C:\xampp\htdocs\kadujaya\index.php (21)
2019/06/19 15:26:04 [trace] [system.db.CDbCommand] Querying SQL: SHOW COLUMNS FROM `sl_slide_description`
in C:\xampp\htdocs\kadujaya\protected\views\layouts\column1.php (16)
in C:\xampp\htdocs\kadujaya\protected\controllers\HomeController.php (154)
in C:\xampp\htdocs\kadujaya\index.php (21)
2019/06/19 15:26:04 [trace] [system.db.CDbCommand] Querying SQL: SHOW CREATE TABLE `sl_slide_description`
in C:\xampp\htdocs\kadujaya\protected\views\layouts\column1.php (16)
in C:\xampp\htdocs\kadujaya\protected\controllers\HomeController.php (154)
in C:\xampp\htdocs\kadujaya\index.php (21)
2019/06/19 15:26:04 [trace] [system.db.CDbCommand] Querying SQL: SELECT `t`.`id` AS `t0_c0`, `t`.`topik_id` AS `t0_c1`, `t`.`image` AS `t0_c2`, `t`.`active` AS `t0_c3`, `t`.`date_input` AS `t0_c4`, `t`.`date_update` AS `t0_c5`, `t`.`insert_by` AS `t0_c6`, `t`.`last_update_by` AS `t0_c7`, `t`.`writer` AS `t0_c8`, `t`.`sort` AS `t0_c9`, `t`.`image2` AS `t0_c10`, `description`.`id` AS `t1_c0`, `description`.`slide_id` AS `t1_c1`, `description`.`language_id` AS `t1_c2`, `description`.`title` AS `t1_c3`, `description`.`subtitle` AS `t1_c4`, `description`.`content` AS `t1_c5`, `description`.`url_teks` AS `t1_c6`, `description`.`url` AS `t1_c7` FROM `sl_slide` `t`  LEFT OUTER JOIN `sl_slide_description` `description` ON (`description`.`slide_id`=`t`.`id`)  WHERE ((description.language_id = :language_id) AND (active = 1)) GROUP BY t.id ORDER BY t.id ASC
in C:\xampp\htdocs\kadujaya\protected\views\layouts\column1.php (16)
in C:\xampp\htdocs\kadujaya\protected\controllers\HomeController.php (154)
in C:\xampp\htdocs\kadujaya\index.php (21)
2019/06/19 15:26:04 [trace] [system.CModule] Loading "clientScript" application component
in C:\xampp\htdocs\kadujaya\protected\views\layouts\main.php (35)
in C:\xampp\htdocs\kadujaya\protected\views\layouts\column1.php (107)
in C:\xampp\htdocs\kadujaya\protected\controllers\HomeController.php (154)
2019/06/19 15:26:04 [trace] [system.CModule] Loading "assetManager" application component
in C:\xampp\htdocs\kadujaya\protected\controllers\HomeController.php (154)
in C:\xampp\htdocs\kadujaya\index.php (21)
2019/06/19 15:26:04 [trace] [system.CModule] Loading "log" application component
in C:\xampp\htdocs\kadujaya\index.php (21)
2019/06/19 15:26:04 [trace] [system.CModule] Loading "request" application component
in C:\xampp\htdocs\kadujaya\index.php (21)
2019/06/19 15:26:04 [trace] [system.CModule] Loading "urlManager" application component
in C:\xampp\htdocs\kadujaya\index.php (21)
2019/06/19 15:26:04 [trace] [system.CModule] Loading "cache" application component
in C:\xampp\htdocs\kadujaya\index.php (21)
2019/06/19 15:26:04 [trace] [system.caching.CFileCache] Serving "Yii.CUrlManager.rules" from cache
in C:\xampp\htdocs\kadujaya\index.php (21)
2019/06/19 15:26:04 [trace] [system.CModule] Loading "db" application component
in C:\xampp\htdocs\kadujaya\protected\models\Language.php (22)
in C:\xampp\htdocs\kadujaya\protected\components\Controller.php (41)
in C:\xampp\htdocs\kadujaya\index.php (21)
2019/06/19 15:26:04 [trace] [system.db.CDbConnection] Opening DB connection
in C:\xampp\htdocs\kadujaya\protected\models\Language.php (22)
in C:\xampp\htdocs\kadujaya\protected\components\Controller.php (41)
in C:\xampp\htdocs\kadujaya\index.php (21)
2019/06/19 15:26:04 [trace] [system.db.CDbCommand] Querying SQL: SHOW COLUMNS FROM `language`
in C:\xampp\htdocs\kadujaya\protected\models\Language.php (22)
in C:\xampp\htdocs\kadujaya\protected\components\Controller.php (41)
in C:\xampp\htdocs\kadujaya\index.php (21)
2019/06/19 15:26:04 [trace] [system.db.CDbCommand] Querying SQL: SHOW CREATE TABLE `language`
in C:\xampp\htdocs\kadujaya\protected\models\Language.php (22)
in C:\xampp\htdocs\kadujaya\protected\components\Controller.php (41)
in C:\xampp\htdocs\kadujaya\index.php (21)
2019/06/19 15:26:04 [trace] [system.db.ar.CActiveRecord] Language.find()
in C:\xampp\htdocs\kadujaya\protected\components\Controller.php (41)
in C:\xampp\htdocs\kadujaya\index.php (21)
2019/06/19 15:26:04 [trace] [system.db.CDbCommand] Querying SQL: SELECT * FROM `language` `t` WHERE code = :code LIMIT 1
in C:\xampp\htdocs\kadujaya\protected\components\Controller.php (41)
in C:\xampp\htdocs\kadujaya\index.php (21)
2019/06/19 15:26:04 [trace] [system.caching.CFileCache] Serving "setting_en" from cache
in C:\xampp\htdocs\kadujaya\protected\components\Controller.php (43)
in C:\xampp\htdocs\kadujaya\index.php (21)
2019/06/19 15:26:04 [trace] [system.CModule] Loading "themeManager" application component
in C:\xampp\htdocs\kadujaya\protected\controllers\HomeController.php (154)
in C:\xampp\htdocs\kadujaya\index.php (21)
2019/06/19 15:26:04 [trace] [system.CModule] Loading "widgetFactory" application component
in C:\xampp\htdocs\kadujaya\protected\views\layouts\column1.php (2)
in C:\xampp\htdocs\kadujaya\protected\controllers\HomeController.php (154)
in C:\xampp\htdocs\kadujaya\index.php (21)
2019/06/19 15:26:04 [trace] [system.db.CDbCommand] Querying SQL: SHOW COLUMNS FROM `sl_slide`
in C:\xampp\htdocs\kadujaya\protected\models\Slide.php (32)
in C:\xampp\htdocs\kadujaya\protected\views\layouts\column1.php (16)
in C:\xampp\htdocs\kadujaya\protected\controllers\HomeController.php (154)
2019/06/19 15:26:04 [trace] [system.db.CDbCommand] Querying SQL: SHOW CREATE TABLE `sl_slide`
in C:\xampp\htdocs\kadujaya\protected\models\Slide.php (32)
in C:\xampp\htdocs\kadujaya\protected\views\layouts\column1.php (16)
in C:\xampp\htdocs\kadujaya\protected\controllers\HomeController.php (154)
2019/06/19 15:26:04 [trace] [system.db.ar.CActiveRecord] Slide.findAll()
in C:\xampp\htdocs\kadujaya\protected\views\layouts\column1.php (16)
in C:\xampp\htdocs\kadujaya\protected\controllers\HomeController.php (154)
in C:\xampp\htdocs\kadujaya\index.php (21)
2019/06/19 15:26:04 [trace] [system.db.CDbCommand] Querying SQL: SHOW COLUMNS FROM `sl_slide_description`
in C:\xampp\htdocs\kadujaya\protected\views\layouts\column1.php (16)
in C:\xampp\htdocs\kadujaya\protected\controllers\HomeController.php (154)
in C:\xampp\htdocs\kadujaya\index.php (21)
2019/06/19 15:26:04 [trace] [system.db.CDbCommand] Querying SQL: SHOW CREATE TABLE `sl_slide_description`
in C:\xampp\htdocs\kadujaya\protected\views\layouts\column1.php (16)
in C:\xampp\htdocs\kadujaya\protected\controllers\HomeController.php (154)
in C:\xampp\htdocs\kadujaya\index.php (21)
2019/06/19 15:26:04 [trace] [system.db.CDbCommand] Querying SQL: SELECT `t`.`id` AS `t0_c0`, `t`.`topik_id` AS `t0_c1`, `t`.`image` AS `t0_c2`, `t`.`active` AS `t0_c3`, `t`.`date_input` AS `t0_c4`, `t`.`date_update` AS `t0_c5`, `t`.`insert_by` AS `t0_c6`, `t`.`last_update_by` AS `t0_c7`, `t`.`writer` AS `t0_c8`, `t`.`sort` AS `t0_c9`, `t`.`image2` AS `t0_c10`, `description`.`id` AS `t1_c0`, `description`.`slide_id` AS `t1_c1`, `description`.`language_id` AS `t1_c2`, `description`.`title` AS `t1_c3`, `description`.`subtitle` AS `t1_c4`, `description`.`content` AS `t1_c5`, `description`.`url_teks` AS `t1_c6`, `description`.`url` AS `t1_c7` FROM `sl_slide` `t`  LEFT OUTER JOIN `sl_slide_description` `description` ON (`description`.`slide_id`=`t`.`id`)  WHERE ((description.language_id = :language_id) AND (active = 1)) GROUP BY t.id ORDER BY t.id ASC
in C:\xampp\htdocs\kadujaya\protected\views\layouts\column1.php (16)
in C:\xampp\htdocs\kadujaya\protected\controllers\HomeController.php (154)
in C:\xampp\htdocs\kadujaya\index.php (21)
2019/06/19 15:26:04 [trace] [system.CModule] Loading "clientScript" application component
in C:\xampp\htdocs\kadujaya\protected\views\layouts\main.php (35)
in C:\xampp\htdocs\kadujaya\protected\views\layouts\column1.php (107)
in C:\xampp\htdocs\kadujaya\protected\controllers\HomeController.php (154)
2019/06/19 15:26:04 [trace] [system.CModule] Loading "assetManager" application component
in C:\xampp\htdocs\kadujaya\protected\controllers\HomeController.php (154)
in C:\xampp\htdocs\kadujaya\index.php (21)
